<?xml version="1.0" encoding="utf-8"?><testsuites name="pytest tests"><testsuite name="pytest" errors="0" failures="0" skipped="0" tests="6" time="2.461" timestamp="2026-06-20T16:37:28.955770+00:00" hostname="agent-env-7a64f86c-bbda-4081-8a83-f98fc0b5b62f"><testcase classname="backend.tests.test_phase2" name="test_health" time="0.135" /><testcase classname="backend.tests.test_phase2" name="test_stripe_sandbox_checkout" time="0.570" /><testcase classname="backend.tests.test_phase2" name="test_stripe_sandbox_confirm" time="0.462" /><testcase classname="backend.tests.test_phase2" name="test_admin_analytics" time="0.556" /><testcase classname="backend.tests.test_phase2" name="test_catalog_filter" time="0.097" /><testcase classname="backend.tests.test_phase2" name="test_student_dashboard" time="0.567" /></testsuite></testsuites>