<?xml version="1.0" encoding="utf-8"?><testsuites name="pytest tests"><testsuite name="pytest" errors="0" failures="2" skipped="0" tests="12" time="2.566" timestamp="2026-06-20T15:59:05.621224+00:00" hostname="agent-env-7a64f86c-bbda-4081-8a83-f98fc0b5b62f"><testcase classname="backend.tests.test_skilltank" name="test_health" time="0.165" /><testcase classname="backend.tests.test_skilltank" name="test_login_student" time="0.335" /><testcase classname="backend.tests.test_skilltank" name="test_login_instructor" time="0.350" /><testcase classname="backend.tests.test_skilltank" name="test_login_admin" time="0.372" /><testcase classname="backend.tests.test_skilltank" name="test_login_invalid" time="0.095" /><testcase classname="backend.tests.test_skilltank" name="test_auth_callback_exists" time="0.105"><failure message="assert 404 != 404&#10; +  where 404 = &lt;Response [404]&gt;.status_code">backend/tests/test_skilltank.py:62: in test_auth_callback_exists
    assert r.status_code != 404
E   assert 404 != 404
E    +  where 404 = &lt;Response [404]&gt;.status_code</failure></testcase><testcase classname="backend.tests.test_skilltank" name="test_get_courses" time="0.447" /><testcase classname="backend.tests.test_skilltank" name="test_get_courses_no_auth" time="0.104" /><testcase classname="backend.tests.test_skilltank" name="test_get_courses_by_category" time="0.093" /><testcase classname="backend.tests.test_skilltank" name="test_student_enrollments" time="0.096"><failure message="assert 404 == 200&#10; +  where 404 = &lt;Response [404]&gt;.status_code">backend/tests/test_skilltank.py:83: in test_student_enrollments
    assert r.status_code == 200
E   assert 404 == 200
E    +  where 404 = &lt;Response [404]&gt;.status_code</failure></testcase><testcase classname="backend.tests.test_skilltank" name="test_certifications" time="0.092" /><testcase classname="backend.tests.test_skilltank" name="test_lessons_exist" time="0.209" /></testsuite></testsuites>